#
# A fatal error has been detected by the Java Runtime Environment:
#
#  SIGSEGV (0xb) at pc=0x00007ffecc32080c, pid=6155, tid=6202
#
# JRE version: OpenJDK Runtime Environment (17.0.14+7) (build 17.0.14+7-Debian-1deb12u1)
# Java VM: OpenJDK 64-Bit Server VM (17.0.14+7-Debian-1deb12u1, mixed mode, sharing, tiered, compressed oops, compressed class ptrs, g1 gc, linux-aarch64)
# Problematic frame:
# C  [libcan_processor.so+0x1080c]  std::_Hashtable<int, std::pair<int const, unsigned long>, std::allocator<std::pair<int const, unsigned long> >, std::__detail::_Select1st, std::equal_to<int>, std::hash<int>, std::__detail::_Mod_range_hashing, std::__detail::_Default_ranged_hash, std::__detail::_Prime_rehash_policy, std::__detail::_Hashtable_traits<false, false, true> >::_M_find_before_node(unsigned long, int const&, unsigned long) const+0x4c
#
# No core dump will be written. Core dumps have been disabled. To enable core dumping, try "ulimit -c unlimited" before starting Java again
#
# If you would like to submit a bug report, please visit:
#   https://bugs.debian.org/openjdk-17
#

---------------  S U M M A R Y ------------

Command Line: -Dcompose.application.configure.swing.globals=true -Dcompose.application.resources.dir=/home/ubcbaja/firmware/projects/dashboard-compose/build/compose/tmp/prepareAppResources -Djava.library.path=/home/ubcbaja/firmware/projects/dashboard-compose/build/cpp/ -Dfile.encoding=UTF-8 -Duser.country=GB -Duser.language=en -Duser.variant org.baja.dashboard.ApplicationKt

Host: AArch64, 4 cores, 7G, Debian GNU/Linux 12 (bookworm)
Time: Fri Jan 16 04:57:53 2026 GMT elapsed time: 240.256225 seconds (0d 0h 4m 0s)

---------------  T H R E A D  ---------------

Current thread is native thread

Stack: [0x00007ffe927e0000,0x00007ffe92fe0000],  sp=0x00007ffe92fde6e0,  free space=8185k
Native frames: (J=compiled Java code, j=interpreted, Vv=VM code, C=native code)
C  [libcan_processor.so+0x1080c]  std::_Hashtable<int, std::pair<int const, unsigned long>, std::allocator<std::pair<int const, unsigned long> >, std::__detail::_Select1st, std::equal_to<int>, std::hash<int>, std::__detail::_Mod_range_hashing, std::__detail::_Default_ranged_hash, std::__detail::_Prime_rehash_policy, std::__detail::_Hashtable_traits<false, false, true> >::_M_find_before_node(unsigned long, int const&, unsigned long) const+0x4c
C  [libcan_processor.so+0x10538]  std::_Hashtable<int, std::pair<int const, unsigned long>, std::allocator<std::pair<int const, unsigned long> >, std::__detail::_Select1st, std::equal_to<int>, std::hash<int>, std::__detail::_Mod_range_hashing, std::__detail::_Default_ranged_hash, std::__detail::_Prime_rehash_policy, std::__detail::_Hashtable_traits<false, false, true> >::_M_find_node(unsigned long, int const&, unsigned long) const+0x2c
C  [libcan_processor.so+0x103ec]  std::__detail::_Map_base<int, std::pair<int const, unsigned long>, std::allocator<std::pair<int const, unsigned long> >, std::__detail::_Select1st, std::equal_to<int>, std::hash<int>, std::__detail::_Mod_range_hashing, std::__detail::_Default_ranged_hash, std::__detail::_Prime_rehash_policy, std::__detail::_Hashtable_traits<false, false, true>, true>::operator[](int const&)+0x50
C  [libcan_processor.so+0x10394]  std::unordered_map<int, unsigned long, std::hash<int>, std::equal_to<int>, std::allocator<std::pair<int const, unsigned long> > >::operator[](int const&)+0x1c
C  [libcan_processor.so+0x11ab8]  process()+0x88
C  [libcan_processor.so+0x14e18]  void std::__invoke_impl<void, void (*)()>(std::__invoke_other, void (*&&)())+0x20
C  [libcan_processor.so+0x14db8]  std::__invoke_result<void (*)()>::type std::__invoke<void (*)()>(void (*&&)())+0x24
C  [libcan_processor.so+0x14d54]  void std::thread::_Invoker<std::tuple<void (*)()> >::_M_invoke<0ul>(std::_Index_tuple<0ul>)+0x20
C  [libcan_processor.so+0x14d28]  std::thread::_Invoker<std::tuple<void (*)()> >::operator()()+0x14
C  [libcan_processor.so+0x14d08]  std::thread::_State_impl<std::thread::_Invoker<std::tuple<void (*)()> > >::_M_run()+0x18
C  [libstdc++.so.6+0xce9dc]
C  [libc.so.6+0x7ee58]


siginfo: si_signo: 11 (SIGSEGV), si_code: 1 (SEGV_MAPERR), si_addr: 0x0031c9ddcac52bd2

Registers:
R0=0x3a31c9ddcac52bd2
R1=0x00007ffec0009ae0
R2=0x00007ffe92fde830
R3=0x0000000000000001
R4=0x0000000000000000
R5=0x00007ffecc340c18
R6=0x0000000000000000
R7=0x3a31c9ddcac52bd2
R8=0x0000000000000062
R9=0x0000000000000000
R10=0x0000000000000000
R11=0x0000000000000000
R12=0x000000000000003a
R13=0x00000000030aa250
R14=0x3435613033396161
R15=0x0000000000000006
R16=0x00007ffecc340038
R17=0x00007ffecc3207c0
R18=0x00000006005eb8b8
R19=0x4034000000000000
R20=0x00007ffe92fdf59c
R21=0x00007ffecd7adbf6
R22=0x0000000000000000
R23=0x000000000080ea40
R24=0x00007ffecd7adbf7
R25=0x00007ffe927d0000
R26=0x00007ffe92fdf180
R27=0x00007ffe927d0000
R28=0x00007ffe92fdf8c0
R29=0x00007ffe92fde6e0
R30=0x00007ffecc320538


Top of Stack: (sp=0x00007ffe92fde6e0)
0x00007ffe92fde6e0:   00007ffe92fde720 00007ffecc320538
0x00007ffe92fde6f0:   0000000000000001 00007ffe92fde830
0x00007ffe92fde700:   0000000000000001 00007ffecc340b80
0x00007ffe92fde710:   00007ffe92fde7d0 3a31c9ddcac52bd2
0x00007ffe92fde720:   00007ffe92fde760 00007ffecc3203ec
0x00007ffe92fde730:   0000000000000001 00007ffe92fde830
0x00007ffe92fde740:   0000000000000001 00007ffecc340b80
0x00007ffe92fde750:   0000000000000001 00007ffecc340b80
0x00007ffe92fde760:   00007ffe92fde7e0 00007ffecc320394
0x00007ffe92fde770:   4034000000000000 00007ffecc322a6c
0x00007ffe92fde780:   00007ffe92fde830 00007ffecc340b80
0x00007ffe92fde790:   4034000000000000 00007ffe92fdf59c
0x00007ffe92fde7a0:   00007ffecd7adbf6 0000000000000000
0x00007ffe92fde7b0:   000000000080ea40 00007ffecd7adbf7
0x00007ffe92fde7c0:   00007ffe927d0000 0000000000000001
0x00007ffe92fde7d0:   0000000000000001 00007ffecc340b80
0x00007ffe92fde7e0:   00007ffe92fde800 00007ffecc321ab8
0x00007ffe92fde7f0:   00007ffe92fde830 00007ffecc340b80
0x00007ffe92fde800:   00007ffe92fde850 00007ffecc324e18
0x00007ffe92fde810:   00007ffeb8003e70 00007ffe92fdf59c
0x00007ffe92fde820:   0000000000000000 4034000000000000
0x00007ffe92fde830:   0000000800000001 4034000000000000
0x00007ffe92fde840:   00007ffecc340c08 00007ffeb8003e00
0x00007ffe92fde850:   00007ffe92fde870 00007ffecc324db8
0x00007ffe92fde860:   00007ffeb8003e78 00007ffeb8003e70
0x00007ffe92fde870:   00007ffe92fde8a0 00007ffecc324d54
0x00007ffe92fde880:   00007ffeb8003e70 00007ffecc324d50
0x00007ffe92fde890:   0000000000000000 00007ffeb8003e78
0x00007ffe92fde8a0:   00007ffe92fde8c0 00007ffecc324d28
0x00007ffe92fde8b0:   00000000000000f0 00007ffeb8003e78
0x00007ffe92fde8c0:   00007ffe92fde8e0 00007ffecc324d08
0x00007ffe92fde8d0:   0000000000000000 00007ffeb8003e78 

Instructions: (pc=0x00007ffecc32080c)
0x00007ffecc32070c:   e1 03 00 aa e0 1f 40 f9 db fb ff 97 e2 13 40 f9
0x00007ffecc32071c:   e1 1b 40 f9 e0 1f 40 f9 df f8 ff 97 e0 1f 40 f9
0x00007ffecc32072c:   00 0c 40 f9 01 04 00 91 e0 1f 40 f9 01 0c 00 f9
0x00007ffecc32073c:   e0 83 01 91 e1 13 40 f9 b3 f8 ff 97 e0 33 40 f9
0x00007ffecc32074c:   fd 7b c7 a8 c0 03 5f d6 fd 7b be a9 fd 03 00 91
0x00007ffecc32075c:   e0 0f 00 f9 e0 0f 40 f9 00 00 40 f9 00 20 00 91
0x00007ffecc32076c:   cd f9 ff 97 fd 7b c2 a8 c0 03 5f d6 fd 7b be a9
0x00007ffecc32077c:   fd 03 00 91 e0 0f 00 f9 e0 0f 40 f9 06 f9 ff 97
0x00007ffecc32078c:   fd 7b c2 a8 c0 03 5f d6 fd 7b bc a9 fd 03 00 91
0x00007ffecc32079c:   e0 17 00 f9 e1 13 00 f9 e2 0f 00 f9 e0 e3 00 91
0x00007ffecc3207ac:   e2 0f 40 f9 e1 13 40 f9 e7 fa ff 97 fd 7b c4 a8
0x00007ffecc3207bc:   c0 03 5f d6 fd 7b bc a9 fd 03 00 91 e0 17 00 f9
0x00007ffecc3207cc:   e1 13 00 f9 e2 0f 00 f9 e3 0b 00 f9 e0 17 40 f9
0x00007ffecc3207dc:   01 00 40 f9 e0 13 40 f9 00 f0 7d d3 20 00 00 8b
0x00007ffecc3207ec:   00 00 40 f9 e0 1f 00 f9 e0 1f 40 f9 1f 00 00 f1
0x00007ffecc3207fc:   61 00 00 54 00 00 80 d2 2b 00 00 14 e0 1f 40 f9
0x00007ffecc32080c:   00 00 40 f9 e0 1b 00 f9 e0 1b 40 f9 00 20 00 91
0x00007ffecc32081c:   e3 03 00 aa e2 0b 40 f9 e1 0f 40 f9 e0 17 40 f9
0x00007ffecc32082c:   61 f7 ff 97 00 1c 00 12 1f 00 00 71 60 00 00 54
0x00007ffecc32083c:   e0 1f 40 f9 1c 00 00 14 e0 1b 40 f9 00 00 40 f9
0x00007ffecc32084c:   1f 00 00 f1 60 01 00 54 e0 1b 40 f9 72 f7 ff 97
0x00007ffecc32085c:   00 20 00 91 e1 03 00 aa e0 17 40 f9 9a f7 ff 97
0x00007ffecc32086c:   e1 03 00 aa e0 13 40 f9 1f 00 01 eb 60 00 00 54
0x00007ffecc32087c:   20 00 80 52 02 00 00 14 00 00 80 52 1f 00 00 71
0x00007ffecc32088c:   e1 00 00 54 e0 1b 40 f9 e0 1f 00 f9 e0 1b 40 f9
0x00007ffecc32089c:   61 f7 ff 97 e0 1b 00 f9 dc ff ff 17 1f 20 03 d5
0x00007ffecc3208ac:   00 00 80 d2 fd 7b c4 a8 c0 03 5f d6 fd 7b be a9
0x00007ffecc3208bc:   fd 03 00 91 e0 0f 00 f9 e0 0f 40 f9 56 fb ff 97
0x00007ffecc3208cc:   fd 7b c2 a8 c0 03 5f d6 fd 7b be a9 fd 03 00 91
0x00007ffecc3208dc:   e0 0f 00 f9 e1 0b 00 f9 